2026-01-17T00:18:30+0100 INFO [run_id=20260116_231742_#3a8151e4 correlation_id=cb9f3ee1d5824c63bf496e33466bbc59] Resolved repository root: D:\Git-GitHub\Repositories\data-warehouse
2026-01-17T00:18:30+0100 INFO [run_id=20260116_231742_#3a8151e4 correlation_id=cb9f3ee1d5824c63bf496e33466bbc59] Using SILVER_RUN_ID=20260116_231742_#3a8151e4
ERROR:root:Gold layer builder failed.
Traceback (most recent call last):
  File "D:\Git-GitHub\Repositories\data-warehouse\src\agents\load_3_gold_layer_builder_agent.py", line 315, in <module>
    raise SystemExit(main())
                     ^^^^^^
  File "D:\Git-GitHub\Repositories\data-warehouse\src\agents\load_3_gold_layer_builder_agent.py", line 271, in main
    validate_inputs(
  File "D:\Git-GitHub\Repositories\data-warehouse\src\agents\load_3_gold_layer_builder_agent.py", line 212, in validate_inputs
    raise FileNotFoundError(f"Missing required inputs: {missing_str}")
FileNotFoundError: Missing required inputs: metadata=D:\Git-GitHub\Repositories\data-warehouse\artifacts\silver\20260116_231742_#3a8151e4\metadata.yaml, gold_context=D:\Git-GitHub\Repositories\data-warehouse\tmp\draft_reports\gold\20260116_231742_#3a8151e4\gold_run_agent_context.json, gold_human_report=D:\Git-GitHub\Repositories\data-warehouse\tmp\draft_reports\gold\20260116_231742_#3a8151e4\gold_run_human_report.md
Traceback (most recent call last):
  File "D:\Git-GitHub\Repositories\data-warehouse\src\agents\load_3_gold_layer_builder_agent.py", line 315, in <module>
    raise SystemExit(main())
                     ^^^^^^
  File "D:\Git-GitHub\Repositories\data-warehouse\src\agents\load_3_gold_layer_builder_agent.py", line 271, in main
    validate_inputs(
  File "D:\Git-GitHub\Repositories\data-warehouse\src\agents\load_3_gold_layer_builder_agent.py", line 212, in validate_inputs
    raise FileNotFoundError(f"Missing required inputs: {missing_str}")
FileNotFoundError: Missing required inputs: metadata=D:\Git-GitHub\Repositories\data-warehouse\artifacts\silver\20260116_231742_#3a8151e4\metadata.yaml, gold_context=D:\Git-GitHub\Repositories\data-warehouse\tmp\draft_reports\gold\20260116_231742_#3a8151e4\gold_run_agent_context.json, gold_human_report=D:\Git-GitHub\Repositories\data-warehouse\tmp\draft_reports\gold\20260116_231742_#3a8151e4\gold_run_human_report.md
