2026-01-17T11:13:53+0100 INFO [run_id=20260117_101309_#72d1650f correlation_id=80ecffffbf9542c586af0939ee1064f8] Resolved repository root: D:\Git-GitHub\Repositories\07-Portfolio\agentic-elt-data-warehouse
2026-01-17T11:13:53+0100 INFO [run_id=20260117_101309_#72d1650f correlation_id=80ecffffbf9542c586af0939ee1064f8] Using SILVER_RUN_ID=20260117_101309_#72d1650f
ERROR:root:Gold layer builder failed.
Traceback (most recent call last):
  File "D:\Git-GitHub\Repositories\07-Portfolio\agentic-elt-data-warehouse\src\agents\load_3_gold_layer_builder_agent.py", line 315, in <module>
    raise SystemExit(main())
                     ^^^^^^
  File "D:\Git-GitHub\Repositories\07-Portfolio\agentic-elt-data-warehouse\src\agents\load_3_gold_layer_builder_agent.py", line 271, in main
    validate_inputs(
  File "D:\Git-GitHub\Repositories\07-Portfolio\agentic-elt-data-warehouse\src\agents\load_3_gold_layer_builder_agent.py", line 212, in validate_inputs
    raise FileNotFoundError(f"Missing required inputs: {missing_str}")
FileNotFoundError: Missing required inputs: metadata=D:\Git-GitHub\Repositories\07-Portfolio\agentic-elt-data-warehouse\artifacts\silver\20260117_101309_#72d1650f\metadata.yaml, gold_context=D:\Git-GitHub\Repositories\07-Portfolio\agentic-elt-data-warehouse\tmp\draft_reports\gold\20260117_101309_#72d1650f\gold_run_agent_context.json, gold_human_report=D:\Git-GitHub\Repositories\07-Portfolio\agentic-elt-data-warehouse\tmp\draft_reports\gold\20260117_101309_#72d1650f\gold_run_human_report.md
Traceback (most recent call last):
  File "D:\Git-GitHub\Repositories\07-Portfolio\agentic-elt-data-warehouse\src\agents\load_3_gold_layer_builder_agent.py", line 315, in <module>
    raise SystemExit(main())
                     ^^^^^^
  File "D:\Git-GitHub\Repositories\07-Portfolio\agentic-elt-data-warehouse\src\agents\load_3_gold_layer_builder_agent.py", line 271, in main
    validate_inputs(
  File "D:\Git-GitHub\Repositories\07-Portfolio\agentic-elt-data-warehouse\src\agents\load_3_gold_layer_builder_agent.py", line 212, in validate_inputs
    raise FileNotFoundError(f"Missing required inputs: {missing_str}")
FileNotFoundError: Missing required inputs: metadata=D:\Git-GitHub\Repositories\07-Portfolio\agentic-elt-data-warehouse\artifacts\silver\20260117_101309_#72d1650f\metadata.yaml, gold_context=D:\Git-GitHub\Repositories\07-Portfolio\agentic-elt-data-warehouse\tmp\draft_reports\gold\20260117_101309_#72d1650f\gold_run_agent_context.json, gold_human_report=D:\Git-GitHub\Repositories\07-Portfolio\agentic-elt-data-warehouse\tmp\draft_reports\gold\20260117_101309_#72d1650f\gold_run_human_report.md
